<?xml version="1.0" encoding="UTF-8" ?>
<testsuite errors="0" failures="0" hostname="cabaret-fax" name="edu.uic.cs474.hw1.Test22_OneArrayWithOneStringWithNewLine" skipped="0" tests="1" time="0.039" timestamp="2019-09-20T20:55:51">
  <properties>
    <property name="java.vendor" value="Oracle Corporation" />
    <property name="lib.dir" value="lib" />
    <property name="hamcrest.jar" value="lib/hamcrest-2.1.jar" />
    <property name="sun.java.launcher" value="SUN_STANDARD" />
    <property name="javaparser.jar" value="lib/javaparser-core-3.14.5.jar" />
    <property name="sun.management.compiler" value="HotSpot 64-Bit Tiered Compilers" />
    <property name="os.name" value="Linux" />
    <property name="sun.boot.class.path" value="/usr/lib/jvm/java-8-openjdk-amd64/jre/lib/resources.jar:/usr/lib/jvm/java-8-openjdk-amd64/jre/lib/rt.jar:/usr/lib/jvm/java-8-openjdk-amd64/jre/lib/sunrsasign.jar:/usr/lib/jvm/java-8-openjdk-amd64/jre/lib/jsse.jar:/usr/lib/jvm/java-8-openjdk-amd64/jre/lib/jce.jar:/usr/lib/jvm/java-8-openjdk-amd64/jre/lib/charsets.jar:/usr/lib/jvm/java-8-openjdk-amd64/jre/lib/jfr.jar:/usr/lib/jvm/java-8-openjdk-amd64/jre/classes" />
    <property name="java.vm.specification.vendor" value="Oracle Corporation" />
    <property name="ant.home" value="/usr/share/ant" />
    <property name="jar.dir" value="build/jar" />
    <property name="java.runtime.version" value="1.8.0_162-8u162-b12-1~14.04-b12" />
    <property name="ant.file.type.CS474 2019 HW1" value="file" />
    <property name="user.name" value="codio" />
    <property name="test.classes.dir" value="build/test-classes" />
    <property name="build.dir" value="build" />
    <property name="runtime.dir" value="runtime-src" />
    <property name="user.language" value="en" />
    <property name="sun.boot.library.path" value="/usr/lib/jvm/java-8-openjdk-amd64/jre/lib/amd64" />
    <property name="ant.project.default-target" value="main" />
    <property name="ant.project.name" value="CS474 2019 HW1" />
    <property name="java.version" value="1.8.0_162" />
    <property name="user.timezone" value="" />
    <property name="sun.arch.data.model" value="64" />
    <property name="java.endorsed.dirs" value="/usr/lib/jvm/java-8-openjdk-amd64/jre/lib/endorsed" />
    <property name="sun.cpu.isalist" value="" />
    <property name="sun.jnu.encoding" value="UTF-8" />
    <property name="file.encoding.pkg" value="sun.io" />
    <property name="file.separator" value="/" />
    <property name="java.specification.name" value="Java Platform API Specification" />
    <property name="classes.dir" value="build/classes" />
    <property name="java.class.version" value="52.0" />
    <property name="user.country" value="US" />
    <property name="java.home" value="/usr/lib/jvm/java-8-openjdk-amd64/jre" />
    <property name="java.vm.info" value="mixed mode" />
    <property name="main-class" value="edu.uic.cs474.hw1.Main" />
    <property name="ant.file" value="/home/codio/workspace/cs474-hw1/build.xml" />
    <property name="os.version" value="4.15.0-1045-aws" />
    <property name="path.separator" value=":" />
    <property name="java.vm.version" value="25.162-b12" />
    <property name="report.dir" value="build/test-reports" />
    <property name="ant.library.dir" value="/usr/share/ant/lib" />
    <property name="java.awt.printerjob" value="sun.print.PSPrinterJob" />
    <property name="sun.io.unicode.encoding" value="UnicodeLittle" />
    <property name="awt.toolkit" value="sun.awt.X11.XToolkit" />
    <property name="test.processed.dir" value="build/test-processed" />
    <property name="user.home" value="/home/codio" />
    <property name="java.specification.vendor" value="Oracle Corporation" />
    <property name="test.dir" value="test" />
    <property name="java.library.path" value="/usr/java/packages/lib/amd64:/usr/lib/x86_64-linux-gnu/jni:/lib/x86_64-linux-gnu:/usr/lib/x86_64-linux-gnu:/usr/lib/jni:/lib:/usr/lib" />
    <property name="java.vendor.url" value="http://java.oracle.com/" />
    <property name="java.vm.vendor" value="Oracle Corporation" />
    <property name="java.runtime.name" value="OpenJDK Runtime Environment" />
    <property name="sun.java.command" value="org.apache.tools.ant.taskdefs.optional.junit.JUnitTestRunner edu.uic.cs474.hw1.Test22_OneArrayWithOneStringWithNewLine skipNonTests=false filtertrace=true haltOnError=false haltOnFailure=false formatter=org.apache.tools.ant.taskdefs.optional.junit.SummaryJUnitResultFormatter showoutput=true outputtoformatters=true logfailedtests=true logtestlistenerevents=false formatter=org.apache.tools.ant.taskdefs.optional.junit.PlainJUnitResultFormatter,/home/codio/workspace/cs474-hw1/build/test-reports/TEST-edu.uic.cs474.hw1.Test22_OneArrayWithOneStringWithNewLine.txt formatter=org.apache.tools.ant.taskdefs.optional.junit.XMLJUnitResultFormatter,/home/codio/workspace/cs474-hw1/build/test-reports/TEST-edu.uic.cs474.hw1.Test22_OneArrayWithOneStringWithNewLine.xml crashfile=/home/codio/workspace/cs474-hw1/junitvmwatcher2440765866908061454.properties propsfile=/home/codio/workspace/cs474-hw1/junit2846999083637166005.properties" />
    <property name="java.class.path" value="/home/codio/workspace/cs474-hw1/build/test-classes:/home/codio/workspace/cs474-hw1/lib/junit-4.12.jar:/home/codio/workspace/cs474-hw1/lib/hamcrest-2.1.jar:/home/codio/workspace/cs474-hw1/lib/javaparser-core-3.14.5.jar:/usr/share/ant/lib/junit.jar:/usr/share/java/ant-launcher-1.9.3.jar:/usr/share/ant/lib/ant.jar:/usr/share/ant/lib/ant-junit.jar:/usr/share/ant/lib/ant-junit4.jar" />
    <property name="ant.version" value="Apache Ant(TM) version 1.9.3 compiled on April 8 2014" />
    <property name="java.vm.specification.name" value="Java Virtual Machine Specification" />
    <property name="ant.file.type" value="file" />
    <property name="java.vm.specification.version" value="1.8" />
    <property name="junit.jar" value="lib/junit-4.12.jar" />
    <property name="sun.cpu.endian" value="little" />
    <property name="sun.os.patch.level" value="unknown" />
    <property name="java.io.tmpdir" value="/tmp" />
    <property name="java.vendor.url.bug" value="http://bugreport.sun.com/bugreport/" />
    <property name="os.arch" value="amd64" />
    <property name="java.awt.graphicsenv" value="sun.awt.X11GraphicsEnvironment" />
    <property name="java.ext.dirs" value="/usr/lib/jvm/java-8-openjdk-amd64/jre/lib/ext:/usr/java/packages/lib/ext" />
    <property name="user.dir" value="/home/codio/workspace/cs474-hw1" />
    <property name="line.separator" value="&#xa;" />
    <property name="java.vm.name" value="OpenJDK 64-Bit Server VM" />
    <property name="basedir" value="/home/codio/workspace/cs474-hw1" />
    <property name="ant.java.version" value="1.8" />
    <property name="ant.core.lib" value="/usr/share/ant/lib/ant.jar" />
    <property name="file.encoding" value="UTF-8" />
    <property name="java.specification.version" value="1.8" />
    <property name="ant.file.CS474 2019 HW1" value="/home/codio/workspace/cs474-hw1/build.xml" />
    <property name="src.dir" value="src" />
    <property name="ant.project.invoked-targets" value="test" />
  </properties>
  <testcase classname="edu.uic.cs474.hw1.Test22_OneArrayWithOneStringWithNewLine" name="test" time="0.004" />
  <system-out><![CDATA[]]></system-out>
  <system-err><![CDATA[]]></system-err>
</testsuite>
